warning: Git tree '/home/kapi/dotfiles' is dirty
building the system configuration...
warning: Git tree '/home/kapi/dotfiles' is dirty
evaluation warning: The option `hardware.pulseaudio' defined in `/nix/store/71mz6man5kv8q5b2v5qj9zpsbjc0r4gn-source/nixos/configuration.nix' has been renamed to `services.pulseaudio'.
these 17 derivations will be built:
  /nix/store/mngwvswaqyrwsrmjc94va4ild76yqshj-system-path.drv
  /nix/store/3h81d8h6ppjvx30j3qv3rb9idb6l10im-dbus-1.drv
  /nix/store/7nkrs06iim3al5s9l9fsyb5yh5brjmzf-X-Restart-Triggers-dbus.drv
  /nix/store/17sd97qv2xpiq46zz0i3n3q2yq5146f2-unit-dbus.service.drv
  /nix/store/8mbwwbap9s2q1m98hasdb5r9dvg8sz55-unit-dbus.service.drv
  /nix/store/2hr6vdzs7dxxc6j7jf813a8fdvkl3f12-user-units.drv
  /nix/store/4f3gzj15qsbycxsd3xpzlbamdl0fgpfs-man-paths.drv
  /nix/store/726jfgm3n5bps9577z8sj9nkjhdml58a-man-cache.drv
  /nix/store/9sqy6p0ym6ngiiwzv54g6zrphkas8lnm-X-Restart-Triggers-polkit.drv
  /nix/store/9mjqa3srg5044qfy5vga35cnr22235bq-unit-polkit.service.drv
  /nix/store/ckn82f8q8jj5v0pk0xxxmcsixxbgfi2i-Fluid-3_fish-completions.drv
  /nix/store/h4g997s6ha2dvi6swc5j33bxqaxfclb1-etc-man_db.conf.drv
  /nix/store/xxwx3wryrmsv84g2qiqjrn97g5yz6nsj-fluidsynth-2.4.4_fish-completions.drv
  /nix/store/h4nxz2vq7qb68lnqbza96hhygp6fyqim-system_fish-completions.drv
  /nix/store/mzi5z2jbfpmmdzfizwrkhfmzcvr0mry2-system-units.drv
  /nix/store/rzncy9fx00j7gn2spc8d48zxhc820mi1-etc.drv
  /nix/store/d23p9wkgi2dwh0ak8g3ws137jrq9vz0g-nixos-system-nixos-25.05.20250815.ad7196a.drv
building '/nix/store/mngwvswaqyrwsrmjc94va4ild76yqshj-system-path.drv'...
building '/nix/store/ckn82f8q8jj5v0pk0xxxmcsixxbgfi2i-Fluid-3_fish-completions.drv'...
building '/nix/store/xxwx3wryrmsv84g2qiqjrn97g5yz6nsj-fluidsynth-2.4.4_fish-completions.drv'...
building '/nix/store/4f3gzj15qsbycxsd3xpzlbamdl0fgpfs-man-paths.drv'...
building '/nix/store/h4nxz2vq7qb68lnqbza96hhygp6fyqim-system_fish-completions.drv'...
building '/nix/store/726jfgm3n5bps9577z8sj9nkjhdml58a-man-cache.drv'...
building '/nix/store/9sqy6p0ym6ngiiwzv54g6zrphkas8lnm-X-Restart-Triggers-polkit.drv'...
building '/nix/store/3h81d8h6ppjvx30j3qv3rb9idb6l10im-dbus-1.drv'...
building '/nix/store/9mjqa3srg5044qfy5vga35cnr22235bq-unit-polkit.service.drv'...
building '/nix/store/7nkrs06iim3al5s9l9fsyb5yh5brjmzf-X-Restart-Triggers-dbus.drv'...
building '/nix/store/17sd97qv2xpiq46zz0i3n3q2yq5146f2-unit-dbus.service.drv'...
building '/nix/store/8mbwwbap9s2q1m98hasdb5r9dvg8sz55-unit-dbus.service.drv'...
building '/nix/store/mzi5z2jbfpmmdzfizwrkhfmzcvr0mry2-system-units.drv'...
building '/nix/store/2hr6vdzs7dxxc6j7jf813a8fdvkl3f12-user-units.drv'...
building '/nix/store/h4g997s6ha2dvi6swc5j33bxqaxfclb1-etc-man_db.conf.drv'...
building '/nix/store/rzncy9fx00j7gn2spc8d48zxhc820mi1-etc.drv'...
building '/nix/store/d23p9wkgi2dwh0ak8g3ws137jrq9vz0g-nixos-system-nixos-25.05.20250815.ad7196a.drv'...
activating the configuration...
warning: not applying GID change of group ‘kapi’ (993 -> 1000) in /etc/group
setting up /etc...
reloading user units for kapi...
restarting sysinit-reactivation.target
reloading the following units: dbus.service
restarting the following units: polkit.service
Done. The new configuration is /nix/store/qvqd14vmjmp7z99fccbs0yg91828g9jg-nixos-system-nixos-25.05.20250815.ad7196a
