warning: Git tree '/home/kapi/dotfiles' is dirty
building the system configuration...
warning: Git tree '/home/kapi/dotfiles' is dirty
evaluation warning: The option `hardware.pulseaudio' defined in `/nix/store/23rmh5acf2kkrmfpb072qic3c9bcq9cy-source/nixos/configuration.nix' has been renamed to `services.pulseaudio'.
these 32 derivations will be built:
  /nix/store/004hrk56fqlc0yswny1d0g9syg9ali3v-unit-bluetooth.service.drv
  /nix/store/0hxgbhs8a1mx46in1d0aygjkwdr1rbkf-user-generators.drv
  /nix/store/9h12lbj1id5k27q7r57r62k37b2957vm-rtkit-0.13_fish-completions.drv
  /nix/store/wb59fpqk9zj2qsibi7wx53a6zy6kccn3-bluez-5.80_fish-completions.drv
  /nix/store/11pa2lnmynm01dvnj0f3ynpdb9i06d77-system_fish-completions.drv
  /nix/store/1mg1prc0nh2hxazcyp6ig5lx36jnmkvp-man-paths.drv
  /nix/store/z3h1hf83vjb3lxgd75k5cq8dnp3srmpx-system-path.drv
  /nix/store/3g1i1yigvz4fdv2cd7xh2cldcc4k1sqn-X-Restart-Triggers-polkit.drv
  /nix/store/j7dcmwnbrngfyvkxj8x7nhcdmfp067vb-users-groups.json.drv
  /nix/store/7ij0dsj5s8v5h5srscffxs7a6283mqi9-system-generators.drv
  /nix/store/yi8lypcpr9g7y018xs016p2jcb79jypz-dbus-1.drv
  /nix/store/mbq202ibyi8fqrq3ks8vym21zrkv9wdn-X-Restart-Triggers-dbus.drv
  /nix/store/71cpn3d8w00crj9d03cpfpfyyc7qjig3-unit-dbus.service.drv
  /nix/store/i0y88fkly92dkxkdgars3c2lcim5w1j6-unit-polkit.service.drv
  /nix/store/q4p3k73gpj6nbyzf8j4iap8lmxjw5431-unit-rtkit-daemon.service.drv
  /nix/store/8jjrm6kggwc4mapp66b031s08i20mdjf-udev-rules.drv
  /nix/store/d5iz70k87fri9lrqgq9m30f5knhd4h6z-X-Restart-Triggers-systemd-udevd.drv
  /nix/store/z71pqjbn6p78mqcgw6xl208wp5xn1byd-unit-systemd-udevd.service.drv
  /nix/store/7ylxfya6gp6dv3lmmnw3zyj8lk5hwgi3-system-units.drv
  /nix/store/czrwxlss3wglsvp58d2zsdhnygpscwjw-system-shutdown.drv
  /nix/store/iizaw8rss0ps7ivnb0y60b9i2d1qhaq6-etc-alsa-conf.d-49-pipewire-modules.conf.drv
  /nix/store/lgs7cmb0sxs3fp5rrwj57b120va4xqlz-main.conf.drv
  /nix/store/c71p8daaphg7sszx3gkdqbdp9zbgh66l-unit-obex.service.drv
  /nix/store/xlq3mxwz64py1wqadbk45r8h9lkag4k8-unit-dbus.service.drv
  /nix/store/m7j229pg35906hlnjj55rbn8blbwxvrn-user-units.drv
  /nix/store/7mvs8776nmqb0lc5dwv18qy37l70d6f7-man-cache.drv
  /nix/store/qqrk0mvmna4fp9y58zlckmk4xnl04klz-etc-man_db.conf.drv
  /nix/store/sbbc6ikz3z7jyblw72lpmfr7v1v05lzr-input.conf.drv
  /nix/store/wx2hbyaphd1ivmgbvljnn2y9fx5avmsj-network.conf.drv
  /nix/store/ym3pnx5fin5qlv9h7fvykyxckpmy17p8-hwdb.bin.drv
  /nix/store/mz0w9clkr6v50j0ps8wq9iv673z2jw7s-etc.drv
  /nix/store/45p7hvsznk7z787z4phx9wv8ix0albzz-nixos-system-nixos-25.05.20250815.ad7196a.drv
these 240 paths will be fetched (128.40 MiB download, 576.28 MiB unpacked):
  /nix/store/6vdhiqdd7jjcgmipqb1kpgwli6dggxbz-acl-2.3.2
  /nix/store/jldymw19581ypmrz7a9g8fvvmyqp9amk-alsa-lib-1.2.13
  /nix/store/y2yw3lcmf9x686vwf3m8zgaia532kyxp-alsa-topology-conf-1.2.5.1
  /nix/store/vzjkz9212mvk7k6fqmgb2mip4k4g0ryw-alsa-ucm-conf-1.2.12
  /nix/store/ijr4cz7v1msbpzn78gmir974y8scbi44-attr-2.5.2
  /nix/store/mrn8w4d24dxz95328342699xbzqk2i39-audit-4.1.0-lib
  /nix/store/8pqsca2jwj11nyz08ivr21v0mvzb7qg0-avahi-0.8
  /nix/store/5jifhzva82vg2xkqzndmni37v12yipb9-bash-5.2p37
  /nix/store/9xgzkzkh2l3iw8iil8gwbvy4lsazs5mh-bash-interactive-5.2p37
  /nix/store/i1gc85jwyfq3fddl5vzi5sdm8xm0vvjb-bluez-5.80
  /nix/store/l8zljmj1snhf3kssv7pdj3pgqf08v65c-brotli-1.1.0-lib
  /nix/store/4pkjrjvblslxg0qjickgjxlsh9z7fd3x-bzip2-1.0.8
  /nix/store/79w450rfzzb7d4yb80qi2i3yhsv4a7kw-bzip2-1.0.8-bin
  /nix/store/jzkvfpa9hyswqwg9icdvznksalz9cadi-cairo-1.18.2
  /nix/store/ynh7s1v2hg2b42bzi2n548qi61gvg7l4-cdparanoia-III-10.2
  /nix/store/ig3l4c0029lrlkg43i97kc8n7cpca8fc-celt-0.11.3
  /nix/store/mk3vxq59a95iprkwgz50fz0akmxz7q4d-cjson-1.7.18
  /nix/store/gfcx9p9ccn2zgnmz02fyccnzv9qpk5q9-coreutils-9.7
  /nix/store/p90vr46d3a7a7wxv7l2m57acilyny57p-cracklib-2.10.0
  /nix/store/s7y587d2fysxvj72wk9x8j1c053agkml-cryptsetup-2.7.5
  /nix/store/x6285d6114kzq9v9c6mdg110h7mg7ccr-curl-8.14.1
  /nix/store/88zhh1alpcvdxa24wlmbdvnbxmf0jl00-dav1d-1.5.1
  /nix/store/6nwskspqhgw88h8qjg6njssy8w1l8mz1-db-4.8.30
  /nix/store/q0vsbs8y4gkl22gb3crg6qrbi9x5ikcl-dbus-1.14.10-lib
  /nix/store/yzw40xzivfv97rjvmhj4r2dhbng6bmir-dconf-0.40.0-lib
  /nix/store/57hr496980v34sqb6b1c1qpn032bw2rg-dejavu-fonts-minimal-2.37
  /nix/store/0qf1blcmybqxhwxbmcyp40fyj6vi85p9-dns-root-data-2025-04-14
  /nix/store/709xq1m8y9wn682r0ki6clsqh6vfd57b-elfutils-0.192
  /nix/store/md2zbx78v8fqj5l1ak9qxzr0pc58ilhn-ell-0.76
  /nix/store/2a0c5x3zf39pdzpx0nxfgpdr5j6gfviw-expat-2.7.1
  /nix/store/52n8mnk6dhcrp68vjp496l16d0mwcqvg-fdk-aac-2.0.3
  /nix/store/93vzy01fafckq3n7669qxw39l18ld3nh-ffado-2.4.9
  /nix/store/gz3xy55wqqzh7jhzgfb3pd891rh0pd8x-ffmpeg-headless-7.1.1-data
  /nix/store/m6rvb1rv3202hw19zzgq6815whfmy2ky-ffmpeg-headless-7.1.1-lib
  /nix/store/0ri987zys000f6cq40qn38g1r58jah8q-fftw-single-3.3.10
  /nix/store/mr65h9icx21z3vx5nn0bl0z78rd050fl-file-5.45
  /nix/store/lf2s1d4qrqyhckyddnssfdci8qbvjjpk-flac-1.5.0
  /nix/store/b8q53j5h8an616zmzbhjbrv5gg1xwrhy-fontconfig-2.16.0
  /nix/store/4bkvvw5lm81ah12dsr4xaj1y2g28sgls-fontconfig-2.16.0-lib
  /nix/store/1qdgwjj6fczyiay35chajdwkd12mrc01-freetype-2.13.3
  /nix/store/b582q3za6wsw00kizlk2l3ik9kpydiw3-fribidi-1.0.16
  /nix/store/18p03as120xj8df8g9zai586b5ga0zsg-gcc-14.3.0-lib
  /nix/store/h5z5p9lad91xbj3g7wb3izah3cyvbj5m-gcc-14.3.0-libgcc
  /nix/store/27lafnb2n3i0b8w05bps20kz3bfzwfcc-gdbm-1.25-lib
  /nix/store/yg8v3cly3gljbxb7y2b0dwi88zqylm0n-getent-glibc-2.40-66
  /nix/store/nza3477cch63bxg60kfgcfnjxc9bd8qd-giflib-5.2.2
  /nix/store/zg9r5wklgx3f6wq0h3hzb2wkd80sc195-glib-2.84.3
  /nix/store/b7ng2sacappar0pqvf6fsbj0fb71amgb-glibc-2.40-66
  /nix/store/r4xhn09083j7g64im5qni85ikwrz604k-glibc-2.40-66-getent
  /nix/store/zhc8vqxfbqvybnnz4513d10y8cif64hw-glibmm-2.66.8
  /nix/store/mwl5pqf7vgm8n1x5vwsmlp4xlq4slws6-gmp-with-cxx-6.3.0
  /nix/store/xxmvr261sga0z8g5rmwa1rj1ap9px44n-gmp-with-cxx-6.3.0
  /nix/store/hqahcfcaiip73vr62pw5wdnbi5sgarrz-gnugrep-3.11
  /nix/store/a53ha5gj2g5n5j797n18hvlbmb6vshqn-gnum4-1.4.19
  /nix/store/7s8almpmwxxlkdj3khcmrbx2wy8ccx9r-gnupg-2.4.8
  /nix/store/wxhlwm2aq0d3rhiz3glw6ycyppr1mbx0-gnutar-1.35
  /nix/store/67ijapp537vdvhwnaxh4xkmrcv8bx602-gnutls-3.8.9
  /nix/store/6zfw4dzkdiw2hym2x40wznrxk28sppfv-graphene-1.10.8
  /nix/store/x8flvjbcj58ljhpjrsr6jlzf16jp6hpp-graphite2-1.3.14
  /nix/store/j97vin86w7wypkxs629fv6dh1aqjvwlb-gst-plugins-base-1.26.0
  /nix/store/6x3la1fv3qfp60f1xz2d1nznb8wg36z6-gstreamer-1.26.0
  /nix/store/1rf8jav5x9ax55rmvjf90ay6rk5ybmk1-gzip-1.14
  /nix/store/g8hiinfzq62zmshl601pizj8fcb7826m-harfbuzz-10.2.0
  /nix/store/859ml9x6al0zv22qhlvxgm93x5axcbdj-hwdata-0.393
  /nix/store/qfgiahklk4pjj17xjq13wqxjar0ijczl-icu4c-76.1
  /nix/store/ywd4y2vx4ahz5z6h8grrbbnhpwhblb3h-iptables-1.8.11
  /nix/store/m5pzbkznj5h2r72nq9b5ns4zklcgibiv-iso-codes-4.17.0
  /nix/store/a6mzpb087k5mbpy6fc6imic82kmq73sx-json-c-0.18
  /nix/store/99m91mjl4a70qirsc04z47307rhvihs9-kbd-2.7.1
  /nix/store/a9943mszjh07arvhdbkcnswmiydsj9va-kexec-tools-2.0.29
  /nix/store/hxk9dyx9k9s70nl6whpsqgcaabxvzw7n-keyutils-1.6.3-lib
  /nix/store/9mwmy4pjy20xqqjvwzvqf7fa3janrbkh-kmod-31
  /nix/store/n7wz3dswblj4prjwsmb0hny5qaif7g39-kmod-31-lib
  /nix/store/p73w5navqvi2bspci4pd3qldrb67b6cn-krb5-1.21.3-lib
  /nix/store/fqkprfxm1kxcrywxvw08swfx8ws3nqfz-lame-3.100-lib
  /nix/store/fynrd0wh698q7rmam88qdh8fx1lqaz6d-lcms2-2.17
  /nix/store/5qnnjydlbnnz90v76pq5w36z3h21n88f-ldacBT-2.0.2.3
  /nix/store/3v93wkjnn3pkcgk71dismn6bs7pqcfm7-lerc-4.0.0
  /nix/store/5srgc0sl6zkdaf17v8m5lqsgqhzxv056-libX11-1.8.12
  /nix/store/s23b8g57lgnjz7h90qh47c09safrq96v-libXau-1.0.12
  /nix/store/3s50758swb093a9z3h0vvn3crymla6a7-libXdmcp-1.1.5
  /nix/store/lklqz1a3ky77ng50wr7kp80y6ikx3fzp-libXext-1.3.6
  /nix/store/r7k18hyv34c25sk6lgq8xxp58g7jkdzi-libXfixes-6.0.1
  /nix/store/x1h7fn3h65r9p6vj9naah7rpr7pcx82n-libXft-2.3.9
  /nix/store/pw4dzqhzrc8xqcra70jc83prvs63rw8g-libXi-1.8.2
  /nix/store/jw6vpyy0dz4jvw7r9cvkkrv70idfar9k-libXrender-0.9.12
  /nix/store/fd8168mgxsc36j3ig99m943j681c4yrr-libXv-1.0.13
  /nix/store/98jlfwcv7hxdbjqdfmpjr3bzr85vvzw7-libao-1.2.2
  /nix/store/x8b93w0jd9m698iswc2y2jjhl5qbwxfi-libaom-3.11.0
  /nix/store/np9xsab9hv775q93k5hj73davpc26vzn-libapparmor-4.1.1
  /nix/store/jqgpm6m7wr1k1rf7r8ni8jb5n2xyij6n-libarchive-3.8.0-lib
  /nix/store/y2rnp1cb74zdbsy63qs21rklbxl3linh-libass-0.17.3
  /nix/store/gyl7qdx9w5f25rbl6m922nbdwmjszwzr-libassuan-3.0.2
  /nix/store/y3m2vphmcdx4rs30rpapy2s0n1zngkyk-libavc1394-0.5.4
  /nix/store/f5kjqbrxmccq9m5l7jjk7sg1ikcgqd0v-libbluray-1.3.4
  /nix/store/bqad755fxcjc6x8lpppa0fdx16sn3bsy-libbpf-1.5.0
  /nix/store/0vwkxprx9axa82p2znbr4rapd5vak46d-libcamera-0.5.0
  /nix/store/a4drlhh2vqwrsm6nrinanfcx2dm0zrij-libcanberra-0.30
  /nix/store/f0appzk03v281wafp7s8y0pq97d12v72-libcap-2.75-lib
  /nix/store/1l43p9qh36gp4vp5dhx2dzd21793k9zz-libcap-ng-0.8.5
  /nix/store/96l6vs0n73w4jjb625d0jycjh0dh4cvk-libcbor-0.12.0
  /nix/store/548by6cyk2b4c64nhrc7xfzwsrq1zz8z-libconfig-1.8
  /nix/store/fhy727q46sj2l0h8fabvjdp4h3jk5j10-libdaemon-0.14
  /nix/store/cl4c954xpa4wxvhd4hxqckw9qg5w8fq2-libdatrie-2019-12-20-lib
  /nix/store/vzfa0gb0glv92qhjzbin7wm2pahfq7f4-libdeflate-1.23
  /nix/store/f5f92fpzy73wzynx6klzx74qj6ccj6as-libdrm-2.4.124
  /nix/store/wjhvahxh6vi8kgrv4hfzhfkc2fw37m1s-libebur128-1.2.6
  /nix/store/l8bxlvdv2xqvq9d6srx0g7yqjrsaxqjz-libevent-2.1.12
  /nix/store/9d3pn29hzspr11l1ybhgmlzpj796y0jy-libffi-3.4.8
  /nix/store/hvdxdmsz48wfarpj3ldr5bvr8hnf6pmn-libfido2-1.15.0
  /nix/store/2k2k4d4cil84rnfxfrkjk5l9dl9lhfva-libfreeaptx-0.2.2
  /nix/store/axbpxv02hqvzz7xx9by03wr0gnsz79x1-libgcrypt-1.10.3-lib
  /nix/store/4zwm78yz40ybhbbzxr9yhm74d6g3rwib-libglvnd-1.7.0
  /nix/store/g1gmdrydb06hkvw0mfrwzfipvvynkjsz-libgpg-error-1.51
  /nix/store/fzmhb4phax091bml99bizsfyxnasb5pp-libical-3.0.20
  /nix/store/7a21na04fz1skla2g9s4qwjjx9k02214-libidn2-2.3.8
  /nix/store/nswj0kk34c0aqjqdjl99m8wjbn8y42mr-libiec61883-1.2.0
  /nix/store/s2m47r35y7rnz9r5p1pg4d82fpi72b7d-libjack2-1.9.22
  /nix/store/ybasyskgi4266yhvgj95vzsq7gy01cdz-libjpeg-turbo-3.0.4
  /nix/store/cp291hc10zr874rb0ncv6hnxy82qj79w-liblc3-1.1.3
  /nix/store/vzy4nfgj297cma1pkxnbq3dpn6x3l1vy-libmad-0.15.1b
  /nix/store/bajkhbimqv2wxdb4qlrh0263f9rqksd1-libmicrohttpd-1.0.1
  /nix/store/xya6bdyp4c72w9iadw9pv699k4xbr0c4-libmnl-1.0.5
  /nix/store/fk66bn9l635gaasw7djm2g9g4sh4chyg-libmpg123-1.32.10
  /nix/store/8mcrvvkjm8p6kmdqh2x68rwd6mqlhik2-libmysofa-1.3.3
  /nix/store/f53dhh56sr7mzfaf1q0hj1930ccq9dm7-libnetfilter_conntrack-1.1.0
  /nix/store/fdcgni5qipy4qkg3c0ydy5hl703gc5gh-libnfnetlink-1.0.2
  /nix/store/ypkg6jbl1d24z2nw7jpwvnx0p6ijdp7q-libnftnl-1.2.9
  /nix/store/j2b4ny8azfhn3qdq2v1wx592qvm6fbdi-libnl-3.11.0
  /nix/store/ili9sxvnbl8qixlswf2gkx7dc3gvf34i-libogg-1.3.5
  /nix/store/m5wwzyacb7ra17fi3rrafxxmfcxwk0w3-libopenmpt-0.7.15
  /nix/store/d1lixsx0hg96awnj3564ra93h54zhdjf-libopus-1.5.2
  /nix/store/3h6q022yxvw9mc2swfdafcn9jivn1izd-libpcap-1.10.5
  /nix/store/fgmxi88hk7005mmxkgpkr7cr5200hab6-libpciaccess-0.18.1
  /nix/store/lw95x1dghfjslkn038n0557v90xbnabp-libpng-apng-1.6.46
  /nix/store/5y9zdwv32rqnf7y6d8hv739izlcjv627-libpsl-0.21.5
  /nix/store/p0vl043bzvw7w4lyxq05cyv1dh8wsc55-libpulseaudio-17.0
  /nix/store/wlnc12l54llr6gkp1ii7fz6zvshp12bv-libpwquality-1.4.5-lib
  /nix/store/32p2fs8860fj8597krmhzrc7cfj73pw8-libraw1394-2.1.2
  /nix/store/87hiyhg9y175j28a7b061h8j08r0ambj-librist-0.2.11
  /nix/store/fxmm6rpnzkywlvm49pr4mlxpgg3mbgnz-libsamplerate-0.2.2
  /nix/store/kx5llgqfnjx69hp3lac6a70p2idswn2h-libseccomp-2.6.0-lib
  /nix/store/rmjpzljgm66hd78i6wqicg9cvpzgmihm-libselinux-3.8.1
  /nix/store/banzrvnfllmkshcvdryh8azdbn2n5kw5-libsigc++-2.12.1
  /nix/store/nnd5w31qml05rqwzgqvh09kz9j0v1lwv-libsndfile-1.2.2
  /nix/store/md876apsvn8cr09k4ky404915yzqfa4l-libssh-0.11.2
  /nix/store/7wllqflf1fvpyhqb853msqajgnhr4k4a-libssh2-1.11.1
  /nix/store/m2dfipkc8c5axlc2spv8m89fa4hbqljc-libtasn1-4.20.0
  /nix/store/nny2hs80jfwryhgymiq1p2b9a2rb36k1-libthai-0.1.29
  /nix/store/187w5ralw5qlm4545h653yxxj71yyc8c-libtheora-1.2.0
  /nix/store/937rhqqhdv44rrmrng55hjzqgx294h8i-libtiff-4.7.0
  /nix/store/hk5m68i5w22zmz5rpb3akcfx54jifmpn-libtool-2.5.4-lib
  /nix/store/diq2h93pd208yi5wlwwxsskalz494r0x-libtpms-0.10.0
  /nix/store/fdaczdvaxslq48crb3wnyv2n094m86f1-libunistring-1.3
  /nix/store/8bgacibs5a6awx4szw77k7zl0a73w0sm-libunwind-1.8.1
  /nix/store/q1095mxlmjqfaqygvyz9w5hv7gmqicic-libusb-1.0.28
  /nix/store/y44x1hkhfdiixv0xlbpa3xy5380kyzzg-libuv-1.51.0
  /nix/store/a0a972cnv1xkm5wgz13018xw5ww6kxvc-libva-minimal-2.22.0
  /nix/store/7mm2398vlsshjwysrbpf4nv7hv97jcq3-libvmaf-3.0.0
  /nix/store/1ym1ia2kx4w017007qdchj16f82lfwk4-libvorbis-1.3.7
  /nix/store/l208h4g4c76xlzlmy3shc981br2j4xl0-libvpx-1.15.2
  /nix/store/h52mc8c934jvrlrm9pan1cnb8ylqrzmx-libwebp-1.5.0
  /nix/store/mzc4zy0nbqm2l13ljvirhzzvsk9fkpca-libwebp-1.5.0
  /nix/store/zwlalkfxxv7pfv9vx10lfqz5aclhl6b5-libxcb-1.17.0
  /nix/store/5w802fjcg9jigdrgnv6q8k9486d0n7l7-libxcrypt-4.4.38
  /nix/store/5j5561ay825hr9iixmapd74yy8zkag5l-libxml++-3.0.1
  /nix/store/rg8h226hhf65n2g6nwfvf54ah6vwffwd-libxml2-2.13.8
  /nix/store/392yprmf4mncsgjn5w163ww2fwlk4slg-libyaml-0.2.5
  /nix/store/3j3wg0ycarrb5g2sfqlnnbzxfham0gdr-lilv-0.24.24
  /nix/store/n6w2ymsm5zzc02asc75f8v6myc8yp36y-linux-pam-1.6.1
  /nix/store/5s64sp9y1klc0vfgqrwf49wnvby1wsvx-lttng-ust-2.13.8
  /nix/store/mga1b80q3nw404m4pfpmbqxx38jb9671-lvm2-2.03.31-lib
  /nix/store/nf6v37hwi8lcxx789kb5kpdcq15xc0ri-lz4-1.10.0-lib
  /nix/store/62mf9cm6lvpzvbaaq0vqjv2m0sj0ndg2-mailcap-2.1.54
  /nix/store/mzd1nr9i7b5w8dqfm0lxi0kk1i7jbran-mbedtls-3.6.3
  /nix/store/3xamda02ahjp1w0n6x9nb7cyvb3p7ga1-mpdecimal-4.0.0
  /nix/store/y5l4k5sipypzv2lr6vw68mrvy417b4qp-mpg123-1.32.10
  /nix/store/7l9i4alfkpw7rw32y5xgslrpw81clc2p-ncurses-6.5
  /nix/store/rmsindfvb1c6dqmlv99l9dmbmi2x9lln-nettle-3.10.1
  /nix/store/amvlrc3n70zga5v86f41xdk1s8jisas3-nghttp2-1.65.0-lib
  /nix/store/88x7v2l2r1rsy9msrszgpq89ahb6l2p1-npth-1.8
  /nix/store/rgh6ii8g461g1iiv9nissvmrll4907sn-numactl-2.0.18
  /nix/store/rhhs1fr9qflp4fhl4409srmdxjfgvzl8-ocl-icd-2.3.2
  /nix/store/9r883n7p5dcvfxjxfk6myiik5cazkgrd-openfec-1.4.2.11
  /nix/store/wnxwa41q39gfsnb7c85ff9ayjw3izhz4-openjpeg-2.5.2
  /nix/store/gqy2qbzzjgdl797a9cn068y9bbvhvh3i-openssl-3.4.2
  /nix/store/kgjx1dqkjcqai724bhcinzymwp4w62fz-opusfile-0.12
  /nix/store/d79x43x7xwb1dgic4b6cxzjvkhhh2dgy-orc-0.4.41
  /nix/store/m3ccgpsb2fny3imklg6qz19nqal4qqay-p11-kit-0.25.5
  /nix/store/f5bm0k6sgcfvnnvn7xmd1azqd93mka60-pango-1.56.3
  /nix/store/ggfidl4fzq8fnihiqv44sz6dkblvw04r-pcre2-10.44
  /nix/store/vldbs9q6w6fbw58mb053gmsp9i5d1avr-pcsclite-2.3.0-lib
  /nix/store/4j2akr757lqih3sv83aa0ngj2sr8qwld-pipewire-1.4.7
  /nix/store/9ci3n9dagwl1s3pn0kq9sxdz28g464fr-pixman-0.44.2
  /nix/store/mjbib0aw9lkirm4g18jnpfdpfyrik7wx-publicsuffix-list-0-unstable-2025-03-12
  /nix/store/gszd65av6vsdy1vaxc3z2sbjx9rxc9q2-python3-3.12.11
  /nix/store/2mv1vw71l5v50gm9091v9y8lmjpny5kv-qrencode-4.1.1
  /nix/store/d6fbmf21xahr7allcindbfrrr4l87r4a-readline-8.2p13
  /nix/store/aiafsj3sfx7vnh5glq82k33c3lqav2np-roc-toolkit-0.4.0
  /nix/store/i96rm3i3918x9k0ldxiklgj3l9vksyqa-rtkit-0.13
  /nix/store/vybdsbzg1fb2vi3s5mb3yq0zx479zmln-sbc-2.0
  /nix/store/5sr21vazf8wskl1krn3r4nn89al22azg-serd-0.32.4
  /nix/store/h1nbxvfc6gq3wqq95wgjc0jqx892mr8g-sord-0.16.18
  /nix/store/c2g96p22x19a6awjrzp980kq79bwnx7m-sox-unstable-2021-05-09-lib
  /nix/store/vnxyh531a4v7gx7hkajpr9s6pi2xvdki-soxr-0.1.3
  /nix/store/nicn5h3bap7ls1zr1b34l9svl0bh4kkf-speex-1.2.1
  /nix/store/ch6ag08v08nvxcn9sl7q7cq43l9z6330-speexdsp-1.2.1
  /nix/store/nhhh941ivi26bv1y330jhn03h9v7gifl-sqlite-3.48.0
  /nix/store/dir27qi53m04r9nq84c64688c5w2f6sg-sratom-0.6.18
  /nix/store/pfvi2x9aq48s7mw8fxiv6j42hdwq5bsg-srt-1.5.4
  /nix/store/g88mwisp99hfqm827fr1njk2nf1v0js2-svt-av1-2.3.0
  /nix/store/8sxgx5qgfg642rb0kz3vk9izjcyjpaj7-systemd-257.7
  /nix/store/pjv9baw44iw524maj92i73zvm9fxfdii-systemd-minimal-257.7
  /nix/store/4xkk114nhdcdbmii94jbf5vqnj2ljzvr-systemd-minimal-libs-257.7
  /nix/store/sjgavfq3igbx4srbpcz5m9qyad0wzwbk-tpm2-tss-4.1.3
  /nix/store/j72h6s551yna5ap02x1n8q9sm4gb9f6d-tremor-unstable-2018-03-16
  /nix/store/yqfvink28xmbdxm7aknkvpwbrxq92672-tzdata-2025b
  /nix/store/d6wwv90lghg5346i7nm6l62z124nv93f-unbound-1.23.1-lib
  /nix/store/sbjkk9igixmhac88gfsfh8p7jgnwy1fb-util-linux-minimal-2.41.1-lib
  /nix/store/4jw73jqgzcidhr7s99gjgwvssnar4f6r-util-linux-minimal-2.41.1-login
  /nix/store/nl1mysmx4nh7bzsmg2wyna9d1bz88gzn-util-linux-minimal-2.41.1-mount
  /nix/store/m04hvcmj4j5wlcsqsfn49jcim18ws89n-util-linux-minimal-2.41.1-swap
  /nix/store/gg5milbk5i32rc84a9i4fqqcmxym88dw-v4l-utils-1.24.1
  /nix/store/ykav3d79fllpbkqbspdjl0a4xvc5xbhp-vid.stab-unstable-2022-05-30
  /nix/store/7jhhh5727l7nsw1bbl8s2n5fs5z6v37v-vulkan-loader-1.4.313.0
  /nix/store/lmk99fgrf5np453a08lyrar7vb4af9l4-wavpack-5.8.1
  /nix/store/1fhz0fmd43dvhdfg39lnjxmc7ahvvfg7-wayland-1.23.1
  /nix/store/x2q9isx0sicvcc2j73lcwn563zjxljx4-webrtc-audio-processing-1.3
  /nix/store/91yq1cnqisqzzshjfpmf9wf0ys707lj8-x264-0-unstable-2025-01-03-lib
  /nix/store/qr7c7xdp0xd06b2jfcz7cx9025j356c4-x265-4.1
  /nix/store/5paqdiydvn0mm2kkwgrpwwwrl4wph7l9-xgcc-14.3.0-libgcc
  /nix/store/4a6yvr0k6a4zh6cjzh51zy7c5ljkimyq-xvidcore-1.3.7
  /nix/store/y4rd1wys4cxj6zxyhd9vc4c6mk6ivwj0-xz-5.8.1
  /nix/store/ngw4smxllml4b3l8yn0pqi6da6dw27mb-xz-5.8.1-bin
  /nix/store/l5jkimza4b0l3yrpzlbvnmn7g1cqmnlx-zimg-3.0.5
  /nix/store/k173x395nhhgnlbnva7wgjhy92dkfwzl-zix-0.4.2
  /nix/store/50iqcilic2xpimja0hygz25hr7kw6icp-zlib-1.3.1
  /nix/store/wj8d73mvm4lyi0f6c6rfv129i1bwzjlh-zstd-1.5.7
  /nix/store/z1rgb0k38861dl1f27y6aa6k8c8kaki2-zstd-1.5.7-bin
  /nix/store/gd38fp6gz670mvfffdk62hrjiy9757l7-zvbi-0.2.44
building '/nix/store/j7dcmwnbrngfyvkxj8x7nhcdmfp067vb-users-groups.json.drv'...
copying path '/nix/store/i96rm3i3918x9k0ldxiklgj3l9vksyqa-rtkit-0.13' from 'https://cache.nixos.org'...
building '/nix/store/ym3pnx5fin5qlv9h7fvykyxckpmy17p8-hwdb.bin.drv'...
building '/nix/store/sbbc6ikz3z7jyblw72lpmfr7v1v05lzr-input.conf.drv'...
building '/nix/store/lgs7cmb0sxs3fp5rrwj57b120va4xqlz-main.conf.drv'...
building '/nix/store/wx2hbyaphd1ivmgbvljnn2y9fx5avmsj-network.conf.drv'...
building '/nix/store/8jjrm6kggwc4mapp66b031s08i20mdjf-udev-rules.drv'...
copying path '/nix/store/y2yw3lcmf9x686vwf3m8zgaia532kyxp-alsa-topology-conf-1.2.5.1' from 'https://cache.nixos.org'...
copying path '/nix/store/gz3xy55wqqzh7jhzgfb3pd891rh0pd8x-ffmpeg-headless-7.1.1-data' from 'https://cache.nixos.org'...
copying path '/nix/store/h5z5p9lad91xbj3g7wb3izah3cyvbj5m-gcc-14.3.0-libgcc' from 'https://cache.nixos.org'...
copying path '/nix/store/m5pzbkznj5h2r72nq9b5ns4zklcgibiv-iso-codes-4.17.0' from 'https://cache.nixos.org'...
copying path '/nix/store/5paqdiydvn0mm2kkwgrpwwwrl4wph7l9-xgcc-14.3.0-libgcc' from 'https://cache.nixos.org'...
building '/nix/store/004hrk56fqlc0yswny1d0g9syg9ali3v-unit-bluetooth.service.drv'...
building '/nix/store/c71p8daaphg7sszx3gkdqbdp9zbgh66l-unit-obex.service.drv'...
copying path '/nix/store/57hr496980v34sqb6b1c1qpn032bw2rg-dejavu-fonts-minimal-2.37' from 'https://cache.nixos.org'...
copying path '/nix/store/0qf1blcmybqxhwxbmcyp40fyj6vi85p9-dns-root-data-2025-04-14' from 'https://cache.nixos.org'...
copying path '/nix/store/859ml9x6al0zv22qhlvxgm93x5axcbdj-hwdata-0.393' from 'https://cache.nixos.org'...
copying path '/nix/store/fdaczdvaxslq48crb3wnyv2n094m86f1-libunistring-1.3' from 'https://cache.nixos.org'...
copying path '/nix/store/62mf9cm6lvpzvbaaq0vqjv2m0sj0ndg2-mailcap-2.1.54' from 'https://cache.nixos.org'...
copying path '/nix/store/yqfvink28xmbdxm7aknkvpwbrxq92672-tzdata-2025b' from 'https://cache.nixos.org'...
building '/nix/store/wb59fpqk9zj2qsibi7wx53a6zy6kccn3-bluez-5.80_fish-completions.drv'...
copying path '/nix/store/mjbib0aw9lkirm4g18jnpfdpfyrik7wx-publicsuffix-list-0-unstable-2025-03-12' from 'https://cache.nixos.org'...
building '/nix/store/1mg1prc0nh2hxazcyp6ig5lx36jnmkvp-man-paths.drv'...
building '/nix/store/9h12lbj1id5k27q7r57r62k37b2957vm-rtkit-0.13_fish-completions.drv'...
building '/nix/store/7ij0dsj5s8v5h5srscffxs7a6283mqi9-system-generators.drv'...
building '/nix/store/z3h1hf83vjb3lxgd75k5cq8dnp3srmpx-system-path.drv'...
building '/nix/store/czrwxlss3wglsvp58d2zsdhnygpscwjw-system-shutdown.drv'...
building '/nix/store/q4p3k73gpj6nbyzf8j4iap8lmxjw5431-unit-rtkit-daemon.service.drv'...
building '/nix/store/0hxgbhs8a1mx46in1d0aygjkwdr1rbkf-user-generators.drv'...
copying path '/nix/store/7a21na04fz1skla2g9s4qwjjx9k02214-libidn2-2.3.8' from 'https://cache.nixos.org'...
copying path '/nix/store/b8q53j5h8an616zmzbhjbrv5gg1xwrhy-fontconfig-2.16.0' from 'https://cache.nixos.org'...
building '/nix/store/d5iz70k87fri9lrqgq9m30f5knhd4h6z-X-Restart-Triggers-systemd-udevd.drv'...
building '/nix/store/11pa2lnmynm01dvnj0f3ynpdb9i06d77-system_fish-completions.drv'...
copying path '/nix/store/b7ng2sacappar0pqvf6fsbj0fb71amgb-glibc-2.40-66' from 'https://cache.nixos.org'...
building '/nix/store/7mvs8776nmqb0lc5dwv18qy37l70d6f7-man-cache.drv'...
building '/nix/store/z71pqjbn6p78mqcgw6xl208wp5xn1byd-unit-systemd-udevd.service.drv'...
building '/nix/store/3g1i1yigvz4fdv2cd7xh2cldcc4k1sqn-X-Restart-Triggers-polkit.drv'...
building '/nix/store/yi8lypcpr9g7y018xs016p2jcb79jypz-dbus-1.drv'...
copying path '/nix/store/ijr4cz7v1msbpzn78gmir974y8scbi44-attr-2.5.2' from 'https://cache.nixos.org'...
copying path '/nix/store/5jifhzva82vg2xkqzndmni37v12yipb9-bash-5.2p37' from 'https://cache.nixos.org'...
copying path '/nix/store/l8zljmj1snhf3kssv7pdj3pgqf08v65c-brotli-1.1.0-lib' from 'https://cache.nixos.org'...
copying path '/nix/store/4pkjrjvblslxg0qjickgjxlsh9z7fd3x-bzip2-1.0.8' from 'https://cache.nixos.org'...
copying path '/nix/store/mk3vxq59a95iprkwgz50fz0akmxz7q4d-cjson-1.7.18' from 'https://cache.nixos.org'...
copying path '/nix/store/88zhh1alpcvdxa24wlmbdvnbxmf0jl00-dav1d-1.5.1' from 'https://cache.nixos.org'...
copying path '/nix/store/ynh7s1v2hg2b42bzi2n548qi61gvg7l4-cdparanoia-III-10.2' from 'https://cache.nixos.org'...
copying path '/nix/store/2a0c5x3zf39pdzpx0nxfgpdr5j6gfviw-expat-2.7.1' from 'https://cache.nixos.org'...
copying path '/nix/store/md2zbx78v8fqj5l1ak9qxzr0pc58ilhn-ell-0.76' from 'https://cache.nixos.org'...
copying path '/nix/store/18p03as120xj8df8g9zai586b5ga0zsg-gcc-14.3.0-lib' from 'https://cache.nixos.org'...
copying path '/nix/store/b582q3za6wsw00kizlk2l3ik9kpydiw3-fribidi-1.0.16' from 'https://cache.nixos.org'...
copying path '/nix/store/27lafnb2n3i0b8w05bps20kz3bfzwfcc-gdbm-1.25-lib' from 'https://cache.nixos.org'...
copying path '/nix/store/nza3477cch63bxg60kfgcfnjxc9bd8qd-giflib-5.2.2' from 'https://cache.nixos.org'...
copying path '/nix/store/r4xhn09083j7g64im5qni85ikwrz604k-glibc-2.40-66-getent' from 'https://cache.nixos.org'...
copying path '/nix/store/a6mzpb087k5mbpy6fc6imic82kmq73sx-json-c-0.18' from 'https://cache.nixos.org'...
copying path '/nix/store/52n8mnk6dhcrp68vjp496l16d0mwcqvg-fdk-aac-2.0.3' from 'https://cache.nixos.org'...
building '/nix/store/i0y88fkly92dkxkdgars3c2lcim5w1j6-unit-polkit.service.drv'...
copying path '/nix/store/hxk9dyx9k9s70nl6whpsqgcaabxvzw7n-keyutils-1.6.3-lib' from 'https://cache.nixos.org'...
copying path '/nix/store/fynrd0wh698q7rmam88qdh8fx1lqaz6d-lcms2-2.17' from 'https://cache.nixos.org'...
copying path '/nix/store/5qnnjydlbnnz90v76pq5w36z3h21n88f-ldacBT-2.0.2.3' from 'https://cache.nixos.org'...
copying path '/nix/store/fqkprfxm1kxcrywxvw08swfx8ws3nqfz-lame-3.100-lib' from 'https://cache.nixos.org'...
copying path '/nix/store/s23b8g57lgnjz7h90qh47c09safrq96v-libXau-1.0.12' from 'https://cache.nixos.org'...
copying path '/nix/store/3s50758swb093a9z3h0vvn3crymla6a7-libXdmcp-1.1.5' from 'https://cache.nixos.org'...
building '/nix/store/mbq202ibyi8fqrq3ks8vym21zrkv9wdn-X-Restart-Triggers-dbus.drv'...
copying path '/nix/store/6vdhiqdd7jjcgmipqb1kpgwli6dggxbz-acl-2.3.2' from 'https://cache.nixos.org'...
copying path '/nix/store/79w450rfzzb7d4yb80qi2i3yhsv4a7kw-bzip2-1.0.8-bin' from 'https://cache.nixos.org'...
copying path '/nix/store/yg8v3cly3gljbxb7y2b0dwi88zqylm0n-getent-glibc-2.40-66' from 'https://cache.nixos.org'...
copying path '/nix/store/np9xsab9hv775q93k5hj73davpc26vzn-libapparmor-4.1.1' from 'https://cache.nixos.org'...
copying path '/nix/store/f0appzk03v281wafp7s8y0pq97d12v72-libcap-2.75-lib' from 'https://cache.nixos.org'...
copying path '/nix/store/1l43p9qh36gp4vp5dhx2dzd21793k9zz-libcap-ng-0.8.5' from 'https://cache.nixos.org'...
copying path '/nix/store/96l6vs0n73w4jjb625d0jycjh0dh4cvk-libcbor-0.12.0' from 'https://cache.nixos.org'...
copying path '/nix/store/fhy727q46sj2l0h8fabvjdp4h3jk5j10-libdaemon-0.14' from 'https://cache.nixos.org'...
building '/nix/store/71cpn3d8w00crj9d03cpfpfyyc7qjig3-unit-dbus.service.drv'...
building '/nix/store/xlq3mxwz64py1wqadbk45r8h9lkag4k8-unit-dbus.service.drv'...
copying path '/nix/store/a53ha5gj2g5n5j797n18hvlbmb6vshqn-gnum4-1.4.19' from 'https://cache.nixos.org'...
copying path '/nix/store/1rf8jav5x9ax55rmvjf90ay6rk5ybmk1-gzip-1.14' from 'https://cache.nixos.org'...
copying path '/nix/store/cl4c954xpa4wxvhd4hxqckw9qg5w8fq2-libdatrie-2019-12-20-lib' from 'https://cache.nixos.org'...
copying path '/nix/store/vzfa0gb0glv92qhjzbin7wm2pahfq7f4-libdeflate-1.23' from 'https://cache.nixos.org'...
copying path '/nix/store/wjhvahxh6vi8kgrv4hfzhfkc2fw37m1s-libebur128-1.2.6' from 'https://cache.nixos.org'...
copying path '/nix/store/l8bxlvdv2xqvq9d6srx0g7yqjrsaxqjz-libevent-2.1.12' from 'https://cache.nixos.org'...
copying path '/nix/store/9d3pn29hzspr11l1ybhgmlzpj796y0jy-libffi-3.4.8' from 'https://cache.nixos.org'...
copying path '/nix/store/2k2k4d4cil84rnfxfrkjk5l9dl9lhfva-libfreeaptx-0.2.2' from 'https://cache.nixos.org'...
copying path '/nix/store/g1gmdrydb06hkvw0mfrwzfipvvynkjsz-libgpg-error-1.51' from 'https://cache.nixos.org'...
copying path '/nix/store/ybasyskgi4266yhvgj95vzsq7gy01cdz-libjpeg-turbo-3.0.4' from 'https://cache.nixos.org'...
copying path '/nix/store/vzy4nfgj297cma1pkxnbq3dpn6x3l1vy-libmad-0.15.1b' from 'https://cache.nixos.org'...
copying path '/nix/store/cp291hc10zr874rb0ncv6hnxy82qj79w-liblc3-1.1.3' from 'https://cache.nixos.org'...
copying path '/nix/store/xya6bdyp4c72w9iadw9pv699k4xbr0c4-libmnl-1.0.5' from 'https://cache.nixos.org'...
copying path '/nix/store/fk66bn9l635gaasw7djm2g9g4sh4chyg-libmpg123-1.32.10' from 'https://cache.nixos.org'...
copying path '/nix/store/fdcgni5qipy4qkg3c0ydy5hl703gc5gh-libnfnetlink-1.0.2' from 'https://cache.nixos.org'...
copying path '/nix/store/j2b4ny8azfhn3qdq2v1wx592qvm6fbdi-libnl-3.11.0' from 'https://cache.nixos.org'...
building '/nix/store/7ylxfya6gp6dv3lmmnw3zyj8lk5hwgi3-system-units.drv'...
copying path '/nix/store/6nwskspqhgw88h8qjg6njssy8w1l8mz1-db-4.8.30' from 'https://cache.nixos.org'...
copying path '/nix/store/0ri987zys000f6cq40qn38g1r58jah8q-fftw-single-3.3.10' from 'https://cache.nixos.org'...
copying path '/nix/store/mwl5pqf7vgm8n1x5vwsmlp4xlq4slws6-gmp-with-cxx-6.3.0' from 'https://cache.nixos.org'...
copying path '/nix/store/xxmvr261sga0z8g5rmwa1rj1ap9px44n-gmp-with-cxx-6.3.0' from 'https://cache.nixos.org'...
copying path '/nix/store/x8flvjbcj58ljhpjrsr6jlzf16jp6hpp-graphite2-1.3.14' from 'https://cache.nixos.org'...
copying path '/nix/store/wxhlwm2aq0d3rhiz3glw6ycyppr1mbx0-gnutar-1.35' from 'https://cache.nixos.org'...
copying path '/nix/store/qfgiahklk4pjj17xjq13wqxjar0ijczl-icu4c-76.1' from 'https://cache.nixos.org'...
copying path '/nix/store/3v93wkjnn3pkcgk71dismn6bs7pqcfm7-lerc-4.0.0' from 'https://cache.nixos.org'...
copying path '/nix/store/548by6cyk2b4c64nhrc7xfzwsrq1zz8z-libconfig-1.8' from 'https://cache.nixos.org'...
building '/nix/store/m7j229pg35906hlnjj55rbn8blbwxvrn-user-units.drv'...
copying path '/nix/store/f53dhh56sr7mzfaf1q0hj1930ccq9dm7-libnetfilter_conntrack-1.1.0' from 'https://cache.nixos.org'...
copying path '/nix/store/ypkg6jbl1d24z2nw7jpwvnx0p6ijdp7q-libnftnl-1.2.9' from 'https://cache.nixos.org'...
copying path '/nix/store/ili9sxvnbl8qixlswf2gkx7dc3gvf34i-libogg-1.3.5' from 'https://cache.nixos.org'...
copying path '/nix/store/d1lixsx0hg96awnj3564ra93h54zhdjf-libopus-1.5.2' from 'https://cache.nixos.org'...
copying path '/nix/store/5y9zdwv32rqnf7y6d8hv739izlcjv627-libpsl-0.21.5' from 'https://cache.nixos.org'...
copying path '/nix/store/32p2fs8860fj8597krmhzrc7cfj73pw8-libraw1394-2.1.2' from 'https://cache.nixos.org'...
copying path '/nix/store/fxmm6rpnzkywlvm49pr4mlxpgg3mbgnz-libsamplerate-0.2.2' from 'https://cache.nixos.org'...
copying path '/nix/store/gyl7qdx9w5f25rbl6m922nbdwmjszwzr-libassuan-3.0.2' from 'https://cache.nixos.org'...
copying path '/nix/store/axbpxv02hqvzz7xx9by03wr0gnsz79x1-libgcrypt-1.10.3-lib' from 'https://cache.nixos.org'...
copying path '/nix/store/3h6q022yxvw9mc2swfdafcn9jivn1izd-libpcap-1.10.5' from 'https://cache.nixos.org'...
copying path '/nix/store/gfcx9p9ccn2zgnmz02fyccnzv9qpk5q9-coreutils-9.7' from 'https://cache.nixos.org'...
copying path '/nix/store/kx5llgqfnjx69hp3lac6a70p2idswn2h-libseccomp-2.6.0-lib' from 'https://cache.nixos.org'...
copying path '/nix/store/banzrvnfllmkshcvdryh8azdbn2n5kw5-libsigc++-2.12.1' from 'https://cache.nixos.org'...
copying path '/nix/store/m2dfipkc8c5axlc2spv8m89fa4hbqljc-libtasn1-4.20.0' from 'https://cache.nixos.org'...
copying path '/nix/store/nny2hs80jfwryhgymiq1p2b9a2rb36k1-libthai-0.1.29' from 'https://cache.nixos.org'...
copying path '/nix/store/ig3l4c0029lrlkg43i97kc8n7cpca8fc-celt-0.11.3' from 'https://cache.nixos.org'...
copying path '/nix/store/lf2s1d4qrqyhckyddnssfdci8qbvjjpk-flac-1.5.0' from 'https://cache.nixos.org'...
copying path '/nix/store/y3m2vphmcdx4rs30rpapy2s0n1zngkyk-libavc1394-0.5.4' from 'https://cache.nixos.org'...
copying path '/nix/store/nswj0kk34c0aqjqdjl99m8wjbn8y42mr-libiec61883-1.2.0' from 'https://cache.nixos.org'...
copying path '/nix/store/187w5ralw5qlm4545h653yxxj71yyc8c-libtheora-1.2.0' from 'https://cache.nixos.org'...
copying path '/nix/store/hk5m68i5w22zmz5rpb3akcfx54jifmpn-libtool-2.5.4-lib' from 'https://cache.nixos.org'...
copying path '/nix/store/y44x1hkhfdiixv0xlbpa3xy5380kyzzg-libuv-1.51.0' from 'https://cache.nixos.org'...
copying path '/nix/store/7mm2398vlsshjwysrbpf4nv7hv97jcq3-libvmaf-3.0.0' from 'https://cache.nixos.org'...
copying path '/nix/store/1ym1ia2kx4w017007qdchj16f82lfwk4-libvorbis-1.3.7' from 'https://cache.nixos.org'...
copying path '/nix/store/l208h4g4c76xlzlmy3shc981br2j4xl0-libvpx-1.15.2' from 'https://cache.nixos.org'...
copying path '/nix/store/zwlalkfxxv7pfv9vx10lfqz5aclhl6b5-libxcb-1.17.0' from 'https://cache.nixos.org'...
copying path '/nix/store/5w802fjcg9jigdrgnv6q8k9486d0n7l7-libxcrypt-4.4.38' from 'https://cache.nixos.org'...
copying path '/nix/store/rg8h226hhf65n2g6nwfvf54ah6vwffwd-libxml2-2.13.8' from 'https://cache.nixos.org'...
copying path '/nix/store/392yprmf4mncsgjn5w163ww2fwlk4slg-libyaml-0.2.5' from 'https://cache.nixos.org'...
copying path '/nix/store/ywd4y2vx4ahz5z6h8grrbbnhpwhblb3h-iptables-1.8.11' from 'https://cache.nixos.org'...
copying path '/nix/store/nf6v37hwi8lcxx789kb5kpdcq15xc0ri-lz4-1.10.0-lib' from 'https://cache.nixos.org'...
copying path '/nix/store/mzd1nr9i7b5w8dqfm0lxi0kk1i7jbran-mbedtls-3.6.3' from 'https://cache.nixos.org'...
copying path '/nix/store/3xamda02ahjp1w0n6x9nb7cyvb3p7ga1-mpdecimal-4.0.0' from 'https://cache.nixos.org'...
copying path '/nix/store/7l9i4alfkpw7rw32y5xgslrpw81clc2p-ncurses-6.5' from 'https://cache.nixos.org'...
copying path '/nix/store/rmsindfvb1c6dqmlv99l9dmbmi2x9lln-nettle-3.10.1' from 'https://cache.nixos.org'...
copying path '/nix/store/amvlrc3n70zga5v86f41xdk1s8jisas3-nghttp2-1.65.0-lib' from 'https://cache.nixos.org'...
copying path '/nix/store/88x7v2l2r1rsy9msrszgpq89ahb6l2p1-npth-1.8' from 'https://cache.nixos.org'...
copying path '/nix/store/rgh6ii8g461g1iiv9nissvmrll4907sn-numactl-2.0.18' from 'https://cache.nixos.org'...
copying path '/nix/store/rhhs1fr9qflp4fhl4409srmdxjfgvzl8-ocl-icd-2.3.2' from 'https://cache.nixos.org'...
copying path '/nix/store/x8b93w0jd9m698iswc2y2jjhl5qbwxfi-libaom-3.11.0' from 'https://cache.nixos.org'...
copying path '/nix/store/nnd5w31qml05rqwzgqvh09kz9j0v1lwv-libsndfile-1.2.2' from 'https://cache.nixos.org'...
copying path '/nix/store/9r883n7p5dcvfxjxfk6myiik5cazkgrd-openfec-1.4.2.11' from 'https://cache.nixos.org'...
copying path '/nix/store/5srgc0sl6zkdaf17v8m5lqsgqhzxv056-libX11-1.8.12' from 'https://cache.nixos.org'...
copying path '/nix/store/7s8almpmwxxlkdj3khcmrbx2wy8ccx9r-gnupg-2.4.8' from 'https://cache.nixos.org'...
copying path '/nix/store/gqy2qbzzjgdl797a9cn068y9bbvhvh3i-openssl-3.4.2' from 'https://cache.nixos.org'...
copying path '/nix/store/d79x43x7xwb1dgic4b6cxzjvkhhh2dgy-orc-0.4.41' from 'https://cache.nixos.org'...
copying path '/nix/store/m3ccgpsb2fny3imklg6qz19nqal4qqay-p11-kit-0.25.5' from 'https://cache.nixos.org'...
copying path '/nix/store/5s64sp9y1klc0vfgqrwf49wnvby1wsvx-lttng-ust-2.13.8' from 'https://cache.nixos.org'...
copying path '/nix/store/ggfidl4fzq8fnihiqv44sz6dkblvw04r-pcre2-10.44' from 'https://cache.nixos.org'...
copying path '/nix/store/vldbs9q6w6fbw58mb053gmsp9i5d1avr-pcsclite-2.3.0-lib' from 'https://cache.nixos.org'...
copying path '/nix/store/9ci3n9dagwl1s3pn0kq9sxdz28g464fr-pixman-0.44.2' from 'https://cache.nixos.org'...
copying path '/nix/store/2mv1vw71l5v50gm9091v9y8lmjpny5kv-qrencode-4.1.1' from 'https://cache.nixos.org'...
copying path '/nix/store/vybdsbzg1fb2vi3s5mb3yq0zx479zmln-sbc-2.0' from 'https://cache.nixos.org'...
copying path '/nix/store/5sr21vazf8wskl1krn3r4nn89al22azg-serd-0.32.4' from 'https://cache.nixos.org'...
copying path '/nix/store/vnxyh531a4v7gx7hkajpr9s6pi2xvdki-soxr-0.1.3' from 'https://cache.nixos.org'...
copying path '/nix/store/d6fbmf21xahr7allcindbfrrr4l87r4a-readline-8.2p13' from 'https://cache.nixos.org'...
copying path '/nix/store/nicn5h3bap7ls1zr1b34l9svl0bh4kkf-speex-1.2.1' from 'https://cache.nixos.org'...
copying path '/nix/store/ch6ag08v08nvxcn9sl7q7cq43l9z6330-speexdsp-1.2.1' from 'https://cache.nixos.org'...
copying path '/nix/store/g88mwisp99hfqm827fr1njk2nf1v0js2-svt-av1-2.3.0' from 'https://cache.nixos.org'...
copying path '/nix/store/4xkk114nhdcdbmii94jbf5vqnj2ljzvr-systemd-minimal-libs-257.7' from 'https://cache.nixos.org'...
copying path '/nix/store/j72h6s551yna5ap02x1n8q9sm4gb9f6d-tremor-unstable-2018-03-16' from 'https://cache.nixos.org'...
copying path '/nix/store/d6wwv90lghg5346i7nm6l62z124nv93f-unbound-1.23.1-lib' from 'https://cache.nixos.org'...
copying path '/nix/store/4jw73jqgzcidhr7s99gjgwvssnar4f6r-util-linux-minimal-2.41.1-login' from 'https://cache.nixos.org'...
copying path '/nix/store/ykav3d79fllpbkqbspdjl0a4xvc5xbhp-vid.stab-unstable-2022-05-30' from 'https://cache.nixos.org'...
copying path '/nix/store/7jhhh5727l7nsw1bbl8s2n5fs5z6v37v-vulkan-loader-1.4.313.0' from 'https://cache.nixos.org'...
copying path '/nix/store/9xgzkzkh2l3iw8iil8gwbvy4lsazs5mh-bash-interactive-5.2p37' from 'https://cache.nixos.org'...
copying path '/nix/store/hqahcfcaiip73vr62pw5wdnbi5sgarrz-gnugrep-3.11' from 'https://cache.nixos.org'...
copying path '/nix/store/lmk99fgrf5np453a08lyrar7vb4af9l4-wavpack-5.8.1' from 'https://cache.nixos.org'...
copying path '/nix/store/rmjpzljgm66hd78i6wqicg9cvpzgmihm-libselinux-3.8.1' from 'https://cache.nixos.org'...
copying path '/nix/store/1fhz0fmd43dvhdfg39lnjxmc7ahvvfg7-wayland-1.23.1' from 'https://cache.nixos.org'...
copying path '/nix/store/x2q9isx0sicvcc2j73lcwn563zjxljx4-webrtc-audio-processing-1.3' from 'https://cache.nixos.org'...
copying path '/nix/store/91yq1cnqisqzzshjfpmf9wf0ys707lj8-x264-0-unstable-2025-01-03-lib' from 'https://cache.nixos.org'...
copying path '/nix/store/qr7c7xdp0xd06b2jfcz7cx9025j356c4-x265-4.1' from 'https://cache.nixos.org'...
copying path '/nix/store/lklqz1a3ky77ng50wr7kp80y6ikx3fzp-libXext-1.3.6' from 'https://cache.nixos.org'...
copying path '/nix/store/r7k18hyv34c25sk6lgq8xxp58g7jkdzi-libXfixes-6.0.1' from 'https://cache.nixos.org'...
copying path '/nix/store/jw6vpyy0dz4jvw7r9cvkkrv70idfar9k-libXrender-0.9.12' from 'https://cache.nixos.org'...
copying path '/nix/store/87hiyhg9y175j28a7b061h8j08r0ambj-librist-0.2.11' from 'https://cache.nixos.org'...
copying path '/nix/store/q1095mxlmjqfaqygvyz9w5hv7gmqicic-libusb-1.0.28' from 'https://cache.nixos.org'...
copying path '/nix/store/pw4dzqhzrc8xqcra70jc83prvs63rw8g-libXi-1.8.2' from 'https://cache.nixos.org'...
copying path '/nix/store/fd8168mgxsc36j3ig99m943j681c4yrr-libXv-1.0.13' from 'https://cache.nixos.org'...
copying path '/nix/store/4zwm78yz40ybhbbzxr9yhm74d6g3rwib-libglvnd-1.7.0' from 'https://cache.nixos.org'...
copying path '/nix/store/mga1b80q3nw404m4pfpmbqxx38jb9671-lvm2-2.03.31-lib' from 'https://cache.nixos.org'...
copying path '/nix/store/gg5milbk5i32rc84a9i4fqqcmxym88dw-v4l-utils-1.24.1' from 'https://cache.nixos.org'...
copying path '/nix/store/p73w5navqvi2bspci4pd3qldrb67b6cn-krb5-1.21.3-lib' from 'https://cache.nixos.org'...
copying path '/nix/store/diq2h93pd208yi5wlwwxsskalz494r0x-libtpms-0.10.0' from 'https://cache.nixos.org'...
copying path '/nix/store/kgjx1dqkjcqai724bhcinzymwp4w62fz-opusfile-0.12' from 'https://cache.nixos.org'...
copying path '/nix/store/pfvi2x9aq48s7mw8fxiv6j42hdwq5bsg-srt-1.5.4' from 'https://cache.nixos.org'...
copying path '/nix/store/4a6yvr0k6a4zh6cjzh51zy7c5ljkimyq-xvidcore-1.3.7' from 'https://cache.nixos.org'...
copying path '/nix/store/y4rd1wys4cxj6zxyhd9vc4c6mk6ivwj0-xz-5.8.1' from 'https://cache.nixos.org'...
copying path '/nix/store/l5jkimza4b0l3yrpzlbvnmn7g1cqmnlx-zimg-3.0.5' from 'https://cache.nixos.org'...
copying path '/nix/store/k173x395nhhgnlbnva7wgjhy92dkfwzl-zix-0.4.2' from 'https://cache.nixos.org'...
copying path '/nix/store/50iqcilic2xpimja0hygz25hr7kw6icp-zlib-1.3.1' from 'https://cache.nixos.org'...
copying path '/nix/store/wj8d73mvm4lyi0f6c6rfv129i1bwzjlh-zstd-1.5.7' from 'https://cache.nixos.org'...
copying path '/nix/store/gd38fp6gz670mvfffdk62hrjiy9757l7-zvbi-0.2.44' from 'https://cache.nixos.org'...
copying path '/nix/store/h1nbxvfc6gq3wqq95wgjc0jqx892mr8g-sord-0.16.18' from 'https://cache.nixos.org'...
copying path '/nix/store/p90vr46d3a7a7wxv7l2m57acilyny57p-cracklib-2.10.0' from 'https://cache.nixos.org'...
copying path '/nix/store/mr65h9icx21z3vx5nn0bl0z78rd050fl-file-5.45' from 'https://cache.nixos.org'...
copying path '/nix/store/67ijapp537vdvhwnaxh4xkmrcv8bx602-gnutls-3.8.9' from 'https://cache.nixos.org'...
copying path '/nix/store/a9943mszjh07arvhdbkcnswmiydsj9va-kexec-tools-2.0.29' from 'https://cache.nixos.org'...
copying path '/nix/store/hvdxdmsz48wfarpj3ldr5bvr8hnf6pmn-libfido2-1.15.0' from 'https://cache.nixos.org'...
copying path '/nix/store/8mcrvvkjm8p6kmdqh2x68rwd6mqlhik2-libmysofa-1.3.3' from 'https://cache.nixos.org'...
copying path '/nix/store/fgmxi88hk7005mmxkgpkr7cr5200hab6-libpciaccess-0.18.1' from 'https://cache.nixos.org'...
copying path '/nix/store/lw95x1dghfjslkn038n0557v90xbnabp-libpng-apng-1.6.46' from 'https://cache.nixos.org'...
copying path '/nix/store/md876apsvn8cr09k4ky404915yzqfa4l-libssh-0.11.2' from 'https://cache.nixos.org'...
copying path '/nix/store/7wllqflf1fvpyhqb853msqajgnhr4k4a-libssh2-1.11.1' from 'https://cache.nixos.org'...
copying path '/nix/store/8bgacibs5a6awx4szw77k7zl0a73w0sm-libunwind-1.8.1' from 'https://cache.nixos.org'...
copying path '/nix/store/mrn8w4d24dxz95328342699xbzqk2i39-audit-4.1.0-lib' from 'https://cache.nixos.org'...
copying path '/nix/store/f5f92fpzy73wzynx6klzx74qj6ccj6as-libdrm-2.4.124' from 'https://cache.nixos.org'...
copying path '/nix/store/nhhh941ivi26bv1y330jhn03h9v7gifl-sqlite-3.48.0' from 'https://cache.nixos.org'...
copying path '/nix/store/9mwmy4pjy20xqqjvwzvqf7fa3janrbkh-kmod-31' from 'https://cache.nixos.org'...
copying path '/nix/store/n7wz3dswblj4prjwsmb0hny5qaif7g39-kmod-31-lib' from 'https://cache.nixos.org'...
copying path '/nix/store/jqgpm6m7wr1k1rf7r8ni8jb5n2xyij6n-libarchive-3.8.0-lib' from 'https://cache.nixos.org'...
copying path '/nix/store/dir27qi53m04r9nq84c64688c5w2f6sg-sratom-0.6.18' from 'https://cache.nixos.org'...
copying path '/nix/store/ngw4smxllml4b3l8yn0pqi6da6dw27mb-xz-5.8.1-bin' from 'https://cache.nixos.org'...
copying path '/nix/store/z1rgb0k38861dl1f27y6aa6k8c8kaki2-zstd-1.5.7-bin' from 'https://cache.nixos.org'...
copying path '/nix/store/1qdgwjj6fczyiay35chajdwkd12mrc01-freetype-2.13.3' from 'https://cache.nixos.org'...
copying path '/nix/store/x6285d6114kzq9v9c6mdg110h7mg7ccr-curl-8.14.1' from 'https://cache.nixos.org'...
copying path '/nix/store/h52mc8c934jvrlrm9pan1cnb8ylqrzmx-libwebp-1.5.0' from 'https://cache.nixos.org'...
copying path '/nix/store/3j3wg0ycarrb5g2sfqlnnbzxfham0gdr-lilv-0.24.24' from 'https://cache.nixos.org'...
copying path '/nix/store/n6w2ymsm5zzc02asc75f8v6myc8yp36y-linux-pam-1.6.1' from 'https://cache.nixos.org'...
copying path '/nix/store/a0a972cnv1xkm5wgz13018xw5ww6kxvc-libva-minimal-2.22.0' from 'https://cache.nixos.org'...
copying path '/nix/store/vzjkz9212mvk7k6fqmgb2mip4k4g0ryw-alsa-ucm-conf-1.2.12' from 'https://cache.nixos.org'...
copying path '/nix/store/99m91mjl4a70qirsc04z47307rhvihs9-kbd-2.7.1' from 'https://cache.nixos.org'...
copying path '/nix/store/bajkhbimqv2wxdb4qlrh0263f9rqksd1-libmicrohttpd-1.0.1' from 'https://cache.nixos.org'...
copying path '/nix/store/jldymw19581ypmrz7a9g8fvvmyqp9amk-alsa-lib-1.2.13' from 'https://cache.nixos.org'...
copying path '/nix/store/4bkvvw5lm81ah12dsr4xaj1y2g28sgls-fontconfig-2.16.0-lib' from 'https://cache.nixos.org'...
copying path '/nix/store/709xq1m8y9wn682r0ki6clsqh6vfd57b-elfutils-0.192' from 'https://cache.nixos.org'...
copying path '/nix/store/937rhqqhdv44rrmrng55hjzqgx294h8i-libtiff-4.7.0' from 'https://cache.nixos.org'...
copying path '/nix/store/sbjkk9igixmhac88gfsfh8p7jgnwy1fb-util-linux-minimal-2.41.1-lib' from 'https://cache.nixos.org'...
copying path '/nix/store/x1h7fn3h65r9p6vj9naah7rpr7pcx82n-libXft-2.3.9' from 'https://cache.nixos.org'...
copying path '/nix/store/f5kjqbrxmccq9m5l7jjk7sg1ikcgqd0v-libbluray-1.3.4' from 'https://cache.nixos.org'...
copying path '/nix/store/mzc4zy0nbqm2l13ljvirhzzvsk9fkpca-libwebp-1.5.0' from 'https://cache.nixos.org'...
copying path '/nix/store/wnxwa41q39gfsnb7c85ff9ayjw3izhz4-openjpeg-2.5.2' from 'https://cache.nixos.org'...
copying path '/nix/store/bqad755fxcjc6x8lpppa0fdx16sn3bsy-libbpf-1.5.0' from 'https://cache.nixos.org'...
copying path '/nix/store/s7y587d2fysxvj72wk9x8j1c053agkml-cryptsetup-2.7.5' from 'https://cache.nixos.org'...
copying path '/nix/store/zg9r5wklgx3f6wq0h3hzb2wkd80sc195-glib-2.84.3' from 'https://cache.nixos.org'...
copying path '/nix/store/gszd65av6vsdy1vaxc3z2sbjx9rxc9q2-python3-3.12.11' from 'https://cache.nixos.org'...
copying path '/nix/store/sjgavfq3igbx4srbpcz5m9qyad0wzwbk-tpm2-tss-4.1.3' from 'https://cache.nixos.org'...
copying path '/nix/store/nl1mysmx4nh7bzsmg2wyna9d1bz88gzn-util-linux-minimal-2.41.1-mount' from 'https://cache.nixos.org'...
copying path '/nix/store/m04hvcmj4j5wlcsqsfn49jcim18ws89n-util-linux-minimal-2.41.1-swap' from 'https://cache.nixos.org'...
copying path '/nix/store/wlnc12l54llr6gkp1ii7fz6zvshp12bv-libpwquality-1.4.5-lib' from 'https://cache.nixos.org'...
copying path '/nix/store/pjv9baw44iw524maj92i73zvm9fxfdii-systemd-minimal-257.7' from 'https://cache.nixos.org'...
copying path '/nix/store/8sxgx5qgfg642rb0kz3vk9izjcyjpaj7-systemd-257.7' from 'https://cache.nixos.org'...
copying path '/nix/store/jzkvfpa9hyswqwg9icdvznksalz9cadi-cairo-1.18.2' from 'https://cache.nixos.org'...
copying path '/nix/store/yzw40xzivfv97rjvmhj4r2dhbng6bmir-dconf-0.40.0-lib' from 'https://cache.nixos.org'...
copying path '/nix/store/zhc8vqxfbqvybnnz4513d10y8cif64hw-glibmm-2.66.8' from 'https://cache.nixos.org'...
copying path '/nix/store/g8hiinfzq62zmshl601pizj8fcb7826m-harfbuzz-10.2.0' from 'https://cache.nixos.org'...
copying path '/nix/store/6zfw4dzkdiw2hym2x40wznrxk28sppfv-graphene-1.10.8' from 'https://cache.nixos.org'...
copying path '/nix/store/fzmhb4phax091bml99bizsfyxnasb5pp-libical-3.0.20' from 'https://cache.nixos.org'...
copying path '/nix/store/q0vsbs8y4gkl22gb3crg6qrbi9x5ikcl-dbus-1.14.10-lib' from 'https://cache.nixos.org'...
copying path '/nix/store/5j5561ay825hr9iixmapd74yy8zkag5l-libxml++-3.0.1' from 'https://cache.nixos.org'...
copying path '/nix/store/y2rnp1cb74zdbsy63qs21rklbxl3linh-libass-0.17.3' from 'https://cache.nixos.org'...
copying path '/nix/store/f5bm0k6sgcfvnnvn7xmd1azqd93mka60-pango-1.56.3' from 'https://cache.nixos.org'...
copying path '/nix/store/8pqsca2jwj11nyz08ivr21v0mvzb7qg0-avahi-0.8' from 'https://cache.nixos.org'...
copying path '/nix/store/i1gc85jwyfq3fddl5vzi5sdm8xm0vvjb-bluez-5.80' from 'https://cache.nixos.org'...
copying path '/nix/store/s2m47r35y7rnz9r5p1pg4d82fpi72b7d-libjack2-1.9.22' from 'https://cache.nixos.org'...
copying path '/nix/store/p0vl043bzvw7w4lyxq05cyv1dh8wsc55-libpulseaudio-17.0' from 'https://cache.nixos.org'...
copying path '/nix/store/93vzy01fafckq3n7669qxw39l18ld3nh-ffado-2.4.9' from 'https://cache.nixos.org'...
copying path '/nix/store/98jlfwcv7hxdbjqdfmpjr3bzr85vvzw7-libao-1.2.2' from 'https://cache.nixos.org'...
copying path '/nix/store/y5l4k5sipypzv2lr6vw68mrvy417b4qp-mpg123-1.32.10' from 'https://cache.nixos.org'...
copying path '/nix/store/c2g96p22x19a6awjrzp980kq79bwnx7m-sox-unstable-2021-05-09-lib' from 'https://cache.nixos.org'...
copying path '/nix/store/m5wwzyacb7ra17fi3rrafxxmfcxwk0w3-libopenmpt-0.7.15' from 'https://cache.nixos.org'...
copying path '/nix/store/aiafsj3sfx7vnh5glq82k33c3lqav2np-roc-toolkit-0.4.0' from 'https://cache.nixos.org'...
copying path '/nix/store/m6rvb1rv3202hw19zzgq6815whfmy2ky-ffmpeg-headless-7.1.1-lib' from 'https://cache.nixos.org'...
copying path '/nix/store/6x3la1fv3qfp60f1xz2d1nznb8wg36z6-gstreamer-1.26.0' from 'https://cache.nixos.org'...
copying path '/nix/store/j97vin86w7wypkxs629fv6dh1aqjvwlb-gst-plugins-base-1.26.0' from 'https://cache.nixos.org'...
copying path '/nix/store/a4drlhh2vqwrsm6nrinanfcx2dm0zrij-libcanberra-0.30' from 'https://cache.nixos.org'...
copying path '/nix/store/0vwkxprx9axa82p2znbr4rapd5vak46d-libcamera-0.5.0' from 'https://cache.nixos.org'...
copying path '/nix/store/4j2akr757lqih3sv83aa0ngj2sr8qwld-pipewire-1.4.7' from 'https://cache.nixos.org'...
building '/nix/store/iizaw8rss0ps7ivnb0y60b9i2d1qhaq6-etc-alsa-conf.d-49-pipewire-modules.conf.drv'...
building '/nix/store/qqrk0mvmna4fp9y58zlckmk4xnl04klz-etc-man_db.conf.drv'...
building '/nix/store/mz0w9clkr6v50j0ps8wq9iv673z2jw7s-etc.drv'...
building '/nix/store/45p7hvsznk7z787z4phx9wv8ix0albzz-nixos-system-nixos-25.05.20250815.ad7196a.drv'...
activating the configuration...
warning: not applying GID change of group ‘kapi’ (993 -> 1000) in /etc/group
setting up /etc...
reloading user units for kapi...
restarting sysinit-reactivation.target
reloading the following units: dbus.service
restarting the following units: polkit.service, systemd-udevd.service
the following new units were started: bluetooth.service, sysinit-reactivation.target, systemd-hostnamed.service, systemd-tmpfiles-resetup.service
Done. The new configuration is /nix/store/42dbvxngkf9s26jhmsy1n7r5r991j4xh-nixos-system-nixos-25.05.20250815.ad7196a
